2023.06.03 23:50:45.141 [INFO] com.practice.snake.SnakeGame: food position: [1, 2]
2023.06.03 23:50:45.143 [INFO] com.practice.snake.Snake: Moving snake in direction: R
2023.06.03 23:50:45.146 [INFO] com.practice.snake.Snake: Valid move: Pos(x=0, y=1)
2023.06.03 23:50:45.146 [INFO] com.practice.snake.Snake: Snake did not find food
2023.06.03 23:50:45.147 [INFO] com.practice.snake.Snake: Snake moved to position: Pos(x=0, y=1)
2023.06.03 23:50:45.149 [INFO] com.practice.snake.SnakeGame: food position: [1, 2]
2023.06.03 23:50:45.149 [INFO] com.practice.snake.Snake: Moving snake in direction: D
2023.06.03 23:50:45.149 [INFO] com.practice.snake.Snake: Valid move: Pos(x=1, y=1)
2023.06.03 23:50:45.150 [INFO] com.practice.snake.Snake: Snake did not find food
2023.06.03 23:50:45.150 [INFO] com.practice.snake.Snake: Snake moved to position: Pos(x=1, y=1)
2023.06.03 23:50:45.150 [INFO] com.practice.snake.SnakeGame: food position: [1, 2]
2023.06.03 23:50:45.150 [INFO] com.practice.snake.Snake: Moving snake in direction: R
2023.06.03 23:50:45.150 [INFO] com.practice.snake.Snake: Valid move: Pos(x=1, y=2)
2023.06.03 23:50:45.151 [INFO] com.practice.snake.Snake: Snake  after eating: food 1 ,  size is : 1
2023.06.03 23:50:45.151 [INFO] com.practice.snake.Snake: ssss 2
2023.06.03 23:50:45.151 [INFO] com.practice.snake.Snake: Retrieved Food 0 , at position [1, 2]
2023.06.03 23:50:45.151 [INFO] com.practice.snake.Snake: Snake moved to position: Pos(x=1, y=2)
2023.06.03 23:50:45.151 [INFO] com.practice.snake.SnakeGame: food position: [1, 2]
2023.06.03 23:50:45.152 [INFO] com.practice.snake.Snake: Moving snake in direction: U
2023.06.03 23:50:45.152 [INFO] com.practice.snake.Snake: Valid move: Pos(x=0, y=2)
2023.06.03 23:50:45.152 [INFO] com.practice.snake.Snake: Snake did not find food
2023.06.03 23:50:45.152 [INFO] com.practice.snake.Snake: Snake moved to position: Pos(x=0, y=2)
2023.06.03 23:50:45.152 [INFO] com.practice.snake.SnakeGame: food position: [1, 2]
2023.06.03 23:50:45.153 [INFO] com.practice.snake.Snake: Moving snake in direction: L
2023.06.03 23:50:45.153 [INFO] com.practice.snake.Snake: Valid move: Pos(x=0, y=1)
2023.06.03 23:50:45.153 [INFO] com.practice.snake.Snake: Snake did not find food
2023.06.03 23:50:45.153 [INFO] com.practice.snake.Snake: Snake moved to position: Pos(x=0, y=1)
