2023.06.03 23:56:19.861 [INFO] com.practice.snake.SnakeGame: food position: [1, 2]
2023.06.03 23:56:19.863 [INFO] com.practice.snake.Snake: Moving snake in direction: R
2023.06.03 23:56:19.865 [INFO] com.practice.snake.Snake: Valid move: Pos(x=0, y=1)
2023.06.03 23:56:19.866 [INFO] com.practice.snake.Snake: Snake did not find food
2023.06.03 23:56:19.866 [INFO] com.practice.snake.Snake: Snake moved to position: Pos(x=0, y=1)
2023.06.03 23:56:19.869 [INFO] com.practice.snake.SnakeGame: food position: [1, 2]
2023.06.03 23:56:19.869 [INFO] com.practice.snake.Snake: Moving snake in direction: D
2023.06.03 23:56:19.869 [INFO] com.practice.snake.Snake: Valid move: Pos(x=1, y=1)
2023.06.03 23:56:19.869 [INFO] com.practice.snake.Snake: Snake did not find food
2023.06.03 23:56:19.870 [INFO] com.practice.snake.Snake: Snake moved to position: Pos(x=1, y=1)
2023.06.03 23:56:19.870 [INFO] com.practice.snake.SnakeGame: food position: [1, 2]
2023.06.03 23:56:19.870 [INFO] com.practice.snake.Snake: Moving snake in direction: R
2023.06.03 23:56:19.870 [INFO] com.practice.snake.Snake: Valid move: Pos(x=1, y=2)
2023.06.03 23:56:19.871 [INFO] com.practice.snake.Snake: Snake  after eating: food 1 ,  size is : 1
2023.06.03 23:56:19.871 [INFO] com.practice.snake.Snake: ssss 2  0
2023.06.03 23:56:19.871 [INFO] com.practice.snake.Snake: Retrieved Food 1 , at position [0, 1]
2023.06.03 23:56:19.871 [INFO] com.practice.snake.Snake: Snake moved to position: Pos(x=1, y=2)
2023.06.03 23:56:19.872 [INFO] com.practice.snake.SnakeGame: food position: [0, 1]
2023.06.03 23:56:19.872 [INFO] com.practice.snake.Snake: Moving snake in direction: U
2023.06.03 23:56:19.872 [INFO] com.practice.snake.Snake: Valid move: Pos(x=0, y=2)
2023.06.03 23:56:19.872 [INFO] com.practice.snake.Snake: Snake did not find food
2023.06.03 23:56:19.872 [INFO] com.practice.snake.Snake: Snake moved to position: Pos(x=0, y=2)
2023.06.03 23:56:19.873 [INFO] com.practice.snake.SnakeGame: food position: [0, 1]
2023.06.03 23:56:19.873 [INFO] com.practice.snake.Snake: Moving snake in direction: L
2023.06.03 23:56:19.873 [INFO] com.practice.snake.Snake: Valid move: Pos(x=0, y=1)
2023.06.03 23:56:19.873 [INFO] com.practice.snake.Snake: Snake  after eating: food 2 ,  size is : 2
2023.06.03 23:56:19.873 [INFO] com.practice.snake.Snake: ssss 2  1
